"../../../Engine/Content/Animation/DefaultAnimBoneCompressionSettings.uasset" 0
"../../../Engine/Content/Animation/DefaultAnimCurveCompressionSettings.uasset" 1
"../../../Engine/Content/ArtTools/RenderToTexture/Enums/EFloatTypes.uasset" 2
"../../../Engine/Content/ArtTools/RenderToTexture/Enums/EIntTypes.uasset" 3
"../../../Engine/Content/ArtTools/RenderToTexture/Enums/RenderToTexture_Enum.uasset" 4
"../../../Engine/Content/ArtTools/RenderToTexture/Enums/RenderToTexture_Flipbook_Enum.uasset" 5
"../../../Engine/Content/ArtTools/RenderToTexture/Enums/RenderToTexture_Imposter_Enum.uasset" 6
"../../../Engine/Content/EngineMaterials/T_Default_Material_Grid_N.uasset" 7
"../../../Engine/Content/EngineMaterials/T_Default_Material_Grid_M.uasset" 8
"../../../Engine/Content/Functions/Engine_MaterialFunctions01/Opacity/CameraDepthFade.uasset" 9
"../../../Engine/Content/EngineMaterials/WorldGridMaterial.uasset" 10
"../../../Engine/Content/ArtTools/RenderToTexture/Meshes/S_1_Unit_Plane.uasset" 11
"../../../Engine/Content/EngineMaterials/DefaultMaterial.uasset" 12
"../../../Engine/Content/BasicShapes/Cone.uasset" 13
"../../../Engine/Content/BasicShapes/Cube.uasset" 14
"../../../Engine/Content/EngineMaterials/DefaultPhysicalMaterial.uasset" 15
"../../../Engine/Content/BufferVisualization/AmbientOcclusion.uasset" 16
"../../../Engine/Content/Functions/Engine_MaterialFunctions02/Utility/AppendMany.uasset" 17
"../../../Engine/Content/BufferVisualization/Anisotropy.uasset" 18
"../../../Engine/Content/BufferVisualization/BaseColor.uasset" 19
"../../../Engine/Content/BufferVisualization/CustomDepth.uasset" 20
"../../../Engine/Content/Functions/Engine_MaterialFunctions02/Utility/VectorLength.uasset" 21
"../../../Engine/Content/BufferVisualization/CustomDepthWorldUnits.uasset" 22
"../../../Engine/Content/EngineMaterials/MiniFont.uasset" 23
"../../../Engine/Content/Functions/Engine_MaterialFunctions02/Utility/MakeFloat3.uasset" 24
"../../../Engine/Content/Functions/Engine_MaterialFunctions02/Utility/MakeFloat2.uasset" 25
"../../../Engine/Content/Functions/Engine_MaterialFunctions02/ScreenResolution.uasset" 26
"../../../Engine/Content/Functions/Engine_MaterialFunctions02/Utility/BreakOutFloat2Components.uasset" 27
"../../../Engine/Content/Functions/Engine_MaterialFunctions01/Texturing/ScaleUVsByCenter.uasset" 28
"../../../Engine/Content/Functions/Engine_MaterialFunctions02/Texturing/ScreenAlignedUVs.uasset" 29
"../../../Engine/Content/BufferVisualization/CustomStencil.uasset" 30
"../../../Engine/Content/BufferVisualization/FinalImage.uasset" 31
"../../../Engine/Content/BufferVisualization/LightingModel.uasset" 32
"../../../Engine/Content/BufferVisualization/MaterialAO.uasset" 33
"../../../Engine/Content/BufferVisualization/Metallic.uasset" 34
"../../../Engine/Content/BufferVisualization/Opacity.uasset" 35
"../../../Engine/Content/BufferVisualization/PostTonemapHDRColor.uasset" 36
"../../../Engine/Content/BufferVisualization/PreTonemapHDRColor.uasset" 37
"../../../Engine/Content/BufferVisualization/Roughness.uasset" 38
"../../../Engine/Content/BufferVisualization/SceneColor.uasset" 39
"../../../Engine/Content/BufferVisualization/SceneDepth.uasset" 40
"../../../Engine/Content/BufferVisualization/SceneDepthWorldUnits.uasset" 41
"../../../Engine/Content/BufferVisualization/SeparateTranslucencyA.uasset" 42
"../../../Engine/Content/BufferVisualization/SeparateTranslucencyRGB.uasset" 43
"../../../Engine/Content/BufferVisualization/Specular.uasset" 44
"../../../Engine/Content/BufferVisualization/SubsurfaceColor.uasset" 45
"../../../Engine/Content/BufferVisualization/Velocity.uasset" 46
"../../../Engine/Content/BufferVisualization/WorldNormal.uasset" 47
"../../../Engine/Content/BufferVisualization/WorldTangent.uasset" 48
"../../../Engine/Content/EditorLandscapeResources/DataLayer.uasset" 49
"../../../Engine/Content/EditorLandscapeResources/DefaultAlphaTexture.uasset" 50
"../../../Engine/Content/EditorLandscapeResources/LandscapeGizmoHeight_Mat.uasset" 51
"../../../Engine/Content/EditorLandscapeResources/LandscapeGizmo_Mat.uasset" 52
"../../../Engine/Content/EditorLandscapeResources/LandscapeGizmo_Mat_Copied.uasset" 53
"../../../Engine/Content/EditorLandscapeResources/SplineEditorMeshMat.uasset" 54
"../../../Engine/Content/EditorLandscapeResources/SplineEditorMesh.uasset" 55
"../../../Engine/Content/EditorMaterials/Cross.uasset" 56
"../../../Engine/Content/EditorMaterials/Cross_Mat.uasset" 57
"../../../Engine/Content/EditorResources/T_EditorHelp.uasset" 58
"../../../Engine/Content/Functions/Engine_MaterialFunctions02/Utility/Sign.uasset" 59
"../../../Engine/Content/Functions/Engine_MaterialFunctions02/Utility/Round.uasset" 60
"../../../Engine/Content/Functions/Engine_MaterialFunctions02/ExampleContent/Textures/DebugNumberPeriod.uasset" 61
"../../../Engine/Content/Functions/Engine_MaterialFunctions02/ExampleContent/DebugNumberStrip.uasset" 62
"../../../Engine/Content/EngineMaterials/DefaultDiffuse.uasset" 63
"../../../Engine/Content/Functions/Engine_MaterialFunctions01/Texturing/TextureCropping.uasset" 64
"../../../Engine/Content/Functions/Engine_MaterialFunctions01/Texturing/ComputeMipLevel.uasset" 65
"../../../Engine/Content/Functions/Engine_MaterialFunctions02/Utility/DebugScalarValues.uasset" 66
"../../../Engine/Content/Functions/Engine_MaterialFunctions02/Utility/DebugFloat2Values.uasset" 67
"../../../Engine/Content/Functions/Engine_MaterialFunctions02/ExampleContent/Textures/flipbook.uasset" 68
"../../../Engine/Content/Functions/Engine_MaterialFunctions02/Texturing/FlipBook.uasset" 69
"../../../Engine/Content/EditorMaterials/HelpActorMaterial.uasset" 70
"../../../Engine/Content/Functions/Engine_MaterialFunctions03/Procedurals/ComputeFilterWidth.uasset" 71
"../../../Engine/Content/EngineMaterials/BlendFunc_DefBlend.uasset" 72
"../../../Engine/Content/EngineMaterials/BlendFunc_DefBase.uasset" 73
"../../../Engine/Content/Functions/Engine_MaterialFunctions03/Blends/Blend_Screen.uasset" 74
"../../../Engine/Content/EditorMaterials/TilingAALineIntegral.uasset" 75
"../../../Engine/Content/EditorMaterials/TilingAALineBoxFiltered.uasset" 76
"../../../Engine/Content/EditorMaterials/TilingAAGrid.uasset" 77
"../../../Engine/Content/EditorMaterials/TilingAADots.uasset" 78
"../../../Engine/Content/EditorMaterials/CompositeARGBLayer.uasset" 79
"../../../Engine/Content/EditorMaterials/LevelGridMaterial.uasset" 80
"../../../Engine/Content/EditorResources/LevelGrid1DStripes.uasset" 81
"../../../Engine/Content/EditorMaterials/TextureGridCascaded1D.uasset" 82
"../../../Engine/Content/EditorMaterials/TextureGridCascaded2D.uasset" 83
"../../../Engine/Content/EditorMaterials/MakeCompositeARGBLayer.uasset" 84
"../../../Engine/Content/EditorMaterials/LevelGridMaterial2.uasset" 85
"../../../Engine/Content/EditorMaterials/MAT_Groups_Toggle.uasset" 86
"../../../Engine/Content/EditorMaterials/MAT_Groups_Visibility.uasset" 87
"../../../Engine/Content/EditorMaterials/PhAT_BoneSelectedMaterial.uasset" 88
"../../../Engine/Content/EditorMaterials/PhAT_ElemSelectedMaterial.uasset" 89
"../../../Engine/Content/EditorMaterials/PhAT_NoCollisionMaterial.uasset" 90
"../../../Engine/Content/EditorMaterials/PhAT_UnselectedMaterial.uasset" 91
"../../../Engine/Content/EditorMaterials/PreviewShadowIndicator.uasset" 92
"../../../Engine/Content/EditorMaterials/PreviewShadowIndicatorMaterial.uasset" 93
"../../../Engine/Content/EditorMaterials/TargetIcon.uasset" 94
"../../../Engine/Content/EditorMaterials/Tick.uasset" 95
"../../../Engine/Content/EditorMaterials/Tick_Mat.uasset" 96
"../../../Engine/Content/EditorMaterials/WidgetGridVertexColorMaterial.uasset" 97
"../../../Engine/Content/EditorMaterials/WidgetGridVertexColorMaterial_Ma.uasset" 98
"../../../Engine/Content/EditorMaterials/WidgetMaterial.uasset" 99
"../../../Engine/Content/EditorMaterials/WidgetMaterial_Current.uasset" 100
"../../../Engine/Content/EditorMaterials/WidgetMaterial_X.uasset" 101
"../../../Engine/Content/EditorMaterials/WidgetMaterial_Y.uasset" 102
"../../../Engine/Content/EditorMaterials/WidgetMaterial_Z.uasset" 103
"../../../Engine/Content/EditorMaterials/WidgetVertexColorMaterial.uasset" 104
"../../../Engine/Content/EditorMaterials/MatineeGroups/MAT_ColorTrack.uasset" 105
"../../../Engine/Content/EditorMaterials/MatineeGroups/MAT_Groups_Anim.uasset" 106
"../../../Engine/Content/EditorMaterials/MatineeGroups/MAT_Groups_AudioMaster.uasset" 107
"../../../Engine/Content/EditorMaterials/MatineeGroups/MAT_Groups_Director.uasset" 108
"../../../Engine/Content/EditorMaterials/MatineeGroups/MAT_Groups_Event.uasset" 109
"../../../Engine/Content/EditorMaterials/MatineeGroups/MAT_Groups_Fade.uasset" 110
"../../../Engine/Content/EditorMaterials/MatineeGroups/MAT_Groups_Float.uasset" 111
"../../../Engine/Content/EditorMaterials/MatineeGroups/MAT_Groups_Move.uasset" 112
"../../../Engine/Content/EditorMaterials/MatineeGroups/MAT_Groups_Slomo.uasset" 113
"../../../Engine/Content/EditorMaterials/MatineeGroups/MAT_Groups_Sound.uasset" 114
"../../../Engine/Content/EditorMaterials/MatineeGroups/MAT_Groups_Vector.uasset" 115
"../../../Engine/Content/EditorMaterials/ParticleSystems/PSysThumbnail_NoImage.uasset" 116
"../../../Engine/Content/EditorMaterials/ParticleSystems/PSysThumbnail_OOD.uasset" 117
"../../../Engine/Content/EngineMaterials/Grid.uasset" 118
"../../../Engine/Content/EditorMaterials/Thumbnails/FloorPlaneMaterial.uasset" 119
"../../../Engine/Content/EditorMeshes/EditorCube.uasset" 120
"../../../Engine/Content/EditorMeshes/EditorCylinder.uasset" 121
"../../../Engine/Content/EditorMeshes/EditorPlane.uasset" 122
"../../../Engine/Content/EditorMaterials/Thumbnails/SkySphereMaterial.uasset" 123
"../../../Engine/Content/EditorMeshes/EditorSkySphere.uasset" 124
"../../../Engine/Content/EditorMeshes/EditorSphere.uasset" 125
"../../../Engine/Content/EditorResources/MatineeCam_D.uasset" 126
"../../../Engine/Content/EditorMaterials/MatineeCam_mat.uasset" 127
"../../../Engine/Content/EditorMeshes/MatineeCam_SM.uasset" 128
"../../../Engine/Content/EditorMeshes/PlanarReflectionPlane.uasset" 129
"../../../Engine/Content/EngineDebugMaterials/M_SimpleOpaque.uasset" 130
"../../../Engine/Content/EditorMaterials/Camera/MI_CineMat_CamViewFinder.uasset" 131
"../../../Engine/Content/EditorMaterials/Camera/CineMat.uasset" 132
"../../../Engine/Content/EditorMaterials/Camera/MI_CineMat_CameraBody.uasset" 133
"../../../Engine/Content/EditorMeshes/Camera/SM_CineCam.uasset" 134
"../../../Engine/Content/EditorMaterials/Camera/MI_CineMat_Rig.uasset" 135
"../../../Engine/Content/EditorMeshes/Camera/SM_CraneRig_Arm.uasset" 136
"../../../Engine/Content/EditorMeshes/Camera/SM_CraneRig_Base.uasset" 137
"../../../Engine/Content/EditorMeshes/Camera/SM_CraneRig_Body.uasset" 138
"../../../Engine/Content/EditorMeshes/Camera/SM_CraneRig_Mount.uasset" 139
"../../../Engine/Content/EditorMeshes/Camera/SM_RailRig_Mount.uasset" 140
"../../../Engine/Content/EditorMeshes/Camera/SM_RailRig_Track.uasset" 141
"../../../Engine/Content/EditorMeshes/ColorCalibrator/M_ChromeBall.uasset" 142
"../../../Engine/Content/EditorResources/Bad.uasset" 143
"../../../Engine/Content/EditorResources/BSPVertex.uasset" 144
"../../../Engine/Content/EditorResources/EmptyActor.uasset" 145
"../../../Engine/Content/EditorResources/MatInstActSprite.uasset" 146
"../../../Engine/Content/EditorResources/SceneManager.uasset" 147
"../../../Engine/Content/EditorResources/SmallFont.uasset" 148
"../../../Engine/Content/EditorResources/S_Actor.uasset" 149
"../../../Engine/Content/EditorResources/S_CameraShakeSource.uasset" 150
"../../../Engine/Content/EditorResources/S_DecalActorIcon.uasset" 151
"../../../Engine/Content/EditorResources/S_Emitter.uasset" 152
"../../../Engine/Content/EditorResources/S_ExpoHeightFog.uasset" 153
"../../../Engine/Content/EditorResources/S_FTest.uasset" 154
"../../../Engine/Content/EditorResources/S_KBSJoint.uasset" 155
"../../../Engine/Content/EditorResources/S_KHinge.uasset" 156
"../../../Engine/Content/EditorResources/S_KPrismatic.uasset" 157
"../../../Engine/Content/EditorResources/S_LevelSequence.uasset" 158
"../../../Engine/Content/EditorResources/S_NavP.uasset" 159
"../../../Engine/Content/EditorResources/S_Note.uasset" 160
"../../../Engine/Content/EditorResources/S_Player.uasset" 161
"../../../Engine/Content/EditorResources/S_PortalActorIcon2.uasset" 162
"../../../Engine/Content/EditorResources/S_RadForce.uasset" 163
"../../../Engine/Content/EditorResources/S_ReflActorIcon.uasset" 164
"../../../Engine/Content/EditorResources/S_SkyAtmosphere.uasset" 165
"../../../Engine/Content/EditorResources/S_Solver.uasset" 166
"../../../Engine/Content/EditorResources/S_Terrain.uasset" 167
"../../../Engine/Content/EditorResources/S_TextRenderActorIcon.uasset" 168
"../../../Engine/Content/EditorResources/S_Thruster.uasset" 169
"../../../Engine/Content/EditorResources/S_Trigger.uasset" 170
"../../../Engine/Content/EditorResources/S_VectorFieldVol.uasset" 171
"../../../Engine/Content/EditorResources/S_VolumetricCloud.uasset" 172
"../../../Engine/Content/EditorResources/S_WindDirectional.uasset" 173
"../../../Engine/Content/EditorResources/AI/S_NavLink.uasset" 174
"../../../Engine/Content/EditorResources/AudioIcons/S_AudioComponent_AutoActivate.uasset" 175
"../../../Engine/Content/EditorResources/LightIcons/SkyLight.uasset" 176
"../../../Engine/Content/EditorResources/LightIcons/S_LightDirectional.uasset" 177
"../../../Engine/Content/EditorResources/LightIcons/S_LightDirectionalMove.uasset" 178
"../../../Engine/Content/EditorResources/LightIcons/S_LightError.uasset" 179
"../../../Engine/Content/EditorResources/LightIcons/S_LightPoint.uasset" 180
"../../../Engine/Content/EditorResources/LightIcons/S_LightPointMove.uasset" 181
"../../../Engine/Content/EditorResources/LightIcons/S_LightSpot.uasset" 182
"../../../Engine/Content/EditorResources/LightIcons/S_LightSpotMove.uasset" 183
"../../../Engine/Content/EditorResources/SequenceRecorder/Countdown.uasset" 184
"../../../Engine/Content/EditorResources/SequenceRecorder/RecordingIndicator.uasset" 185
"../../../Engine/Content/EditorResources/Spline/T_Loft_Spline.uasset" 186
"../../../Engine/Content/EditorSounds/Notifications/CompileSuccess.uasset" 187
"../../../Engine/Content/EditorSounds/Notifications/CompileStart_Cue.uasset" 188
"../../../Engine/Content/EngineDamageTypes/DmgTypeBP_Environmental.uasset" 189
"../../../Engine/Content/EngineDebugMaterials/HeatmapGradient.uasset" 190
"../../../Engine/Content/EngineDebugMaterials/BoneWeightMaterial.uasset" 191
"../../../Engine/Content/EngineDebugMaterials/ClothMaterial.uasset" 192
"../../../Engine/Content/EngineDebugMaterials/ClothMaterial_WF.uasset" 193
"../../../Engine/Content/EngineDebugMaterials/DebugEditorMaterial.uasset" 194
"../../../Engine/Content/EngineDebugMaterials/DebugMeshMaterial.uasset" 195
"../../../Engine/Content/EngineDebugMaterials/GeomMaterial.uasset" 196
"../../../Engine/Content/Functions/Engine_MaterialFunctions01/Shading/ConvertFromDiffSpec.uasset" 197
"../../../Engine/Content/EngineDebugMaterials/LevelColorationLitMaterial.uasset" 198
"../../../Engine/Content/EngineDebugMaterials/LevelColorationUnlitMaterial.uasset" 199
"../../../Engine/Content/EngineMaterials/DefaultWhiteGrid.uasset" 200
"../../../Engine/Content/EngineDebugMaterials/MAT_LevelColorationLitLightmapUV.uasset" 201
"../../../Engine/Content/EngineDebugMaterials/M_SimpleUnlitTranslucent.uasset" 202
"../../../Engine/Content/EngineDebugMaterials/VolumeToRender.uasset" 203
"../../../Engine/Content/Functions/Engine_MaterialFunctions02/Utility/CameraDirectionVector.uasset" 204
"../../../Engine/Content/EngineDebugMaterials/M_VolumeRenderSphereTracePP.uasset" 205
"../../../Engine/Content/EngineMaterials/DefaultWhiteGrid_Low.uasset" 206
"../../../Engine/Content/EngineDebugMaterials/PhysicalMaterialMaskMaterial.uasset" 207
"../../../Engine/Content/EngineDebugMaterials/ShadedLevelColorationLitMaterial.uasset" 208
"../../../Engine/Content/EngineDebugMaterials/ShadedLevelColorationUnlitMateri.uasset" 209
"../../../Engine/Content/EngineDebugMaterials/VertexColorMaterial.uasset" 210
"../../../Engine/Content/EngineDebugMaterials/VertexColorViewMode_AlphaAsColor.uasset" 211
"../../../Engine/Content/EngineDebugMaterials/VertexColorViewMode_BlueOnly.uasset" 212
"../../../Engine/Content/EngineDebugMaterials/VertexColorViewMode_ColorOnly.uasset" 213
"../../../Engine/Content/EngineDebugMaterials/VertexColorViewMode_GreenOnly.uasset" 214
"../../../Engine/Content/EngineDebugMaterials/VertexColorViewMode_RedOnly.uasset" 215
"../../../Engine/Content/EngineDebugMaterials/WireframeMaterial.uasset" 216
"../../../Engine/Content/EngineFonts/Faces/RobotoRegular.uasset" 217
"../../../Engine/Content/EngineFonts/Faces/RobotoLight.uasset" 218
"../../../Engine/Content/EngineFonts/Faces/RobotoItalic.uasset" 219
"../../../Engine/Content/EngineFonts/Faces/RobotoBoldItalic.uasset" 220
"../../../Engine/Content/EngineFonts/Faces/RobotoBold.uasset" 221
"../../../Engine/Content/EngineFonts/Faces/DroidSansFallback.uasset" 222
"../../../Engine/Content/EngineFonts/Roboto.uasset" 223
"../../../Engine/Content/EngineFonts/Faces/RobotoTiny.uasset" 224
"../../../Engine/Content/EngineFonts/RobotoTiny.uasset" 225
"../../../Engine/Content/EngineFonts/SmallFont.uasset" 226
"../../../Engine/Content/EngineFonts/TinyFont.uasset" 227
"../../../Engine/Content/EngineMaterials/BaseFlattenNormalMap.uasset" 228
"../../../Engine/Content/EngineMaterials/BaseFlattenGrayscaleMap.uasset" 229
"../../../Engine/Content/EngineMaterials/BaseFlattenEmissiveMap.uasset" 230
"../../../Engine/Content/EngineMaterials/BaseFlattenDiffuseMap.uasset" 231
"../../../Engine/Content/EngineMaterials/BaseFlattenMaterial.uasset" 232
"../../../Engine/Content/EngineResources/WhiteSquareTexture.uasset" 233
"../../../Engine/Content/EngineMaterials/BlinkingCaret.uasset" 234
"../../../Engine/Content/EngineMaterials/BlueNoise.uasset" 235
"../../../Engine/Content/EngineMaterials/DefaultBloomKernel.uasset" 236
"../../../Engine/Content/EngineMaterials/DefaultBokeh.uasset" 237
"../../../Engine/Content/EngineMaterials/DefaultDeferredDecalMaterial.uasset" 238
"../../../Engine/Content/EngineMaterials/DefaultLightFunctionMaterial.uasset" 239
"../../../Engine/Content/EngineMaterials/DefaultNormal.uasset" 240
"../../../Engine/Content/EngineMaterials/DefaultPostProcessMaterial.uasset" 241
"../../../Engine/Content/EngineFonts/RobotoDistanceField.uasset" 242
"../../../Engine/Content/EngineMaterials/DefaultTextMaterialOpaque.uasset" 243
"../../../Engine/Content/EngineMaterials/EditorBrushMaterial.uasset" 244
"../../../Engine/Content/EngineMaterials/EmissiveMeshMaterial.uasset" 245
"../../../Engine/Content/EngineMaterials/GizmoMaterial.uasset" 246
"../../../Engine/Content/EngineMaterials/Grid_N.uasset" 247
"../../../Engine/Content/EngineMaterials/HighResolutionScreenshotMaskFunction.uasset" 248
"../../../Engine/Content/EngineMaterials/HighResScreenshot.uasset" 249
"../../../Engine/Content/EngineMaterials/HighResScreenshotCaptureRegion.uasset" 250
"../../../Engine/Content/EngineMaterials/HighResScreenshotMask.uasset" 251
"../../../Engine/Content/EngineMaterials/LandscapeHolePhysicalMaterial.uasset" 252
"../../../Engine/Content/EngineMaterials/InvalidLightmapSettings.uasset" 253
"../../../Engine/Content/EngineMaterials/M_InvalidLightmapSettings.uasset" 254
"../../../Engine/Content/EngineMaterials/PaperDiffuse.uasset" 255
"../../../Engine/Content/EngineMaterials/PaperNormal.uasset" 256
"../../../Engine/Content/Functions/Engine_MaterialFunctions02/WorldPositionOffset/CameraOffset.uasset" 257
"../../../Engine/Content/EngineMaterials/PhAT_JointLimitMaterial.uasset" 258
"../../../Engine/Content/EngineMaterials/PhysMat_Rubber.uasset" 259
"../../../Engine/Content/EngineMaterials/PreintegratedSkinBRDF.uasset" 260
"../../../Engine/Content/EngineMaterials/RemoveSurfaceMaterial.uasset" 261
"../../../Engine/Content/EngineMaterials/WeightMapPlaceholderTexture.uasset" 262
"../../../Engine/Content/Functions/Engine_MaterialFunctions01/ImageAdjustment/sRGBToLinear.uasset" 263
"../../../Engine/Content/Functions/Engine_MaterialFunctions02/Utility/BreakOutFloat3Components.uasset" 264
"../../../Engine/Content/EngineMaterials/Widget3DCameraPassThrough_Opaque_OneSided.uasset" 265
"../../../Engine/Content/EngineMaterials/Widget3DPassThrough.uasset" 266
"../../../Engine/Content/EngineMaterials/Widget3DPassThrough_Masked.uasset" 267
"../../../Engine/Content/EngineMaterials/Widget3DPassThrough_Opaque.uasset" 268
"../../../Engine/Content/EngineMaterials/Widget3DPassThrough_Masked_OneSided.uasset" 269
"../../../Engine/Content/EngineMaterials/Widget3DPassThrough_Opaque_OneSided.uasset" 270
"../../../Engine/Content/EngineMaterials/Widget3DPassThrough_Translucent.uasset" 271
"../../../Engine/Content/EngineMaterials/Widget3DPassThrough_Translucent_OneSided.uasset" 272
"../../../Engine/Content/EngineMeshes/Cylinder.uasset" 273
"../../../Engine/Content/EngineMeshes/Sphere.uasset" 274
"../../../Engine/Content/EngineResources/Black.uasset" 275
"../../../Engine/Content/EngineResources/DefaultTextureCube.uasset" 276
"../../../Engine/Content/EngineResources/DefaultVolumeTexture2D.uasset" 277
"../../../Engine/Content/EngineResources/DefaultVolumeTexture.uasset" 278
"../../../Engine/Content/EngineResources/GradientTexture0.uasset" 279
"../../../Engine/Content/EngineResources/StreamingPauseIcon.uasset" 280
"../../../Engine/Content/EngineResources/M_StreamingPause.uasset" 281
"../../../Engine/Content/EngineSky/VolumetricClouds/T_NoiseShape64.uasset" 282
"../../../Engine/Content/EngineSky/VolumetricClouds/T_VolumeNoiseShape64.uasset" 283
"../../../Engine/Content/EngineSky/VolumetricClouds/T_NoiseErosion.uasset" 284
"../../../Engine/Content/EngineSky/VolumetricClouds/T_VolumeNoiseErosion32.uasset" 285
"../../../Engine/Content/EngineSky/VolumetricClouds/CloudWeatherTexture.uasset" 286
"../../../Engine/Content/EngineSky/VolumetricClouds/CloudGradientTexture.uasset" 287
"../../../Engine/Content/EngineSky/VolumetricClouds/m_SimpleVolumetricCloud.uasset" 288
"../../../Engine/Content/EngineSky/VolumetricClouds/m_SimpleVolumetricCloud_Inst.uasset" 289
"../../../Engine/Content/EngineSounds/Master.uasset" 290
"../../../Engine/Content/Functions/Engine_MaterialFunctions01/Shading/PowerToRoughness.uasset" 291
"../../../Engine/Content/Maps/Templates/Thumbnails/Default.uasset" 292
"../../../Engine/Content/Maps/Templates/Thumbnails/TimeOfDay.uasset" 293
"../../../Engine/Content/Maps/Templates/Thumbnails/VR-Basic.uasset" 294
"../../../Engine/Content/MapTemplates/Sky/DaylightAmbientCubemap.uasset" 295
"../../../Engine/Content/MobileResources/T_MobileControls_texture.uasset" 296
"../../../Engine/Content/MobileResources/T_MobileMenu2.uasset" 297
"../../../Engine/Content/MobileResources/HUD/AnalogHat.uasset" 298
"../../../Engine/Content/MobileResources/HUD/VirtualJoystick_Thumb.uasset" 299
"../../../Engine/Content/MobileResources/HUD/VirtualJoystick_Background.uasset" 300
"../../../Engine/Content/MobileResources/HUD/DefaultVirtualJoysticks.uasset" 301
"../../../Engine/Content/MobileResources/HUD/LeftVirtualJoystickOnly.uasset" 302
"../../../Engine/Content/MobileResources/HUD/MobileHUDButton1_off.uasset" 303
"../../../Engine/Content/MobileResources/HUD/MobileHUDButton1_on.uasset" 304
"../../../Engine/Content/MobileResources/HUD/MobileHUDButton2_off.uasset" 305
"../../../Engine/Content/MobileResources/HUD/MobileHUDButton2_on.uasset" 306
"../../../Engine/Content/MobileResources/HUD/MobileHUDButton3.uasset" 307
"../../../Engine/Content/MobileResources/HUD/MobileHUDButtonFire.uasset" 308
"../../../Engine/Content/MobileResources/HUD/MobileHUDDirectionPad.uasset" 309
"../../../Engine/Content/MobileResources/HUD/MobileHUDDirectionPad2.uasset" 310
"../../../Engine/Content/MobileResources/HUD/MobileHUDDirectionPad3.uasset" 311
"../../../Engine/Content/MobileResources/HUD/MobileHUDDirectionStick.uasset" 312
"../../../Engine/Content/MobileResources/HUD/T_Castle_ThumbstickInner.uasset" 313
"../../../Engine/Content/MobileResources/HUD/T_Castle_ThumbstickOutter.uasset" 314
"../../../Engine/Content/Tutorial/ContentIntroCurve.uasset" 315
"../../../Engine/Content/Tutorial/Basics/LevelEditorAttract.uasset" 316
"../../../Engine/Content/Tutorial/Basics/TutorialAssets/icon_tab_Levels_40x.uasset" 317
"../../../Engine/Content/Tutorial/Basics/LevelEditorOverview.uasset" 318
"../../../Engine/Content/Tutorial/BlueprintTutorials/TutorialAssets/Blueprint_64x.uasset" 319
"../../../Engine/Content/Tutorial/BlueprintTutorials/BlueprintEditorTutorial.uasset" 320
"../../../Engine/Content/Tutorial/Code/AddingCode.uasset" 321
"../../../Engine/Content/VREditor/TransformGizmo/TranslucentTransformGizmoMaterial.uasset" 322
"../../../Engine/Content/VREditor/LaserPointer/VR_LaserPower_01.uasset" 323
"../../../Engine/Content/VREditor/TransformGizmo/TransformGizmoMaterial.uasset" 324
"../../../Engine/Content/VREditor/TransformGizmo/BoundingBoxCorner.uasset" 325
"../../../Engine/Content/VREditor/TransformGizmo/BoundingBoxEdge.uasset" 326
"../../../Engine/Content/VREditor/TransformGizmo/PlaneTranslationHandle.uasset" 327
"../../../Engine/Content/VREditor/TransformGizmo/Xray.uasset" 328
"../../../Engine/Content/VREditor/TransformGizmo/Main.uasset" 329
"../../../Engine/Content/VREditor/TransformGizmo/SM_Sequencer_Key.uasset" 330
"../../../Engine/Content/VREditor/TransformGizmo/SM_Sequencer_Node.uasset" 331
"D:/Documents/Unreal Projects/Group6VR/Content/JustFocus/Levels/NeurotypicalGame_BuiltData.uasset" 332
"D:/Documents/Unreal Projects/Group6VR/Content/JustFocus/Levels/NeurotypicalMode.uasset" 333
"../../Plugins/2D/Paper2D/Content/PlaceholderTextures/DummySpriteTexture.uasset" 334
"../../Plugins/2D/Paper2D/Content/DummySprite.uasset" 335
"../../Plugins/2D/Paper2D/Content/DefaultPaperTerrainMaterial.uasset" 336
"../../Plugins/2D/Paper2D/Content/DefaultSpriteMaterial.uasset" 337
"../../Plugins/2D/Paper2D/Content/MaskedUnlitSpriteMaterial.uasset" 338
"../../Plugins/2D/Paper2D/Content/OpaqueUnlitSpriteMaterial.uasset" 339
"../../Plugins/FX/Niagara/Content/Enums/ENiagaraAnimTrailWidthMode.uasset" 340
"../../Plugins/FX/Niagara/Content/Enums/ENiagaraArraySamplingMode.uasset" 341
"../../Plugins/FX/Niagara/Content/Enums/ENiagaraBoneSamplingMode.uasset" 342
"../../Plugins/FX/Niagara/Content/Enums/ENiagaraBoneSocketSamplingMode.uasset" 343
"../../Plugins/FX/Niagara/Content/Enums/ENiagaraBooleanLogicOps.uasset" 344
"../../Plugins/FX/Niagara/Content/Enums/ENiagaraBooleanLogicOps_v2.uasset" 345
"../../Plugins/FX/Niagara/Content/Enums/ENiagaraCalculateRadiusOptions.uasset" 346
"../../Plugins/FX/Niagara/Content/Enums/ENiagaraChannelCorrelation.uasset" 347
"../../Plugins/FX/Niagara/Content/Enums/ENiagaraCollisionRadiusOptions.uasset" 348
"../../Plugins/FX/Niagara/Content/Enums/ENiagaraCoordinateSpace.uasset" 349
"../../Plugins/FX/Niagara/Content/Enums/ENiagaraCurlNoiseQuality.uasset" 350
"../../Plugins/FX/Niagara/Content/Enums/ENiagaraEmitterLifeCycleMode.uasset" 351
"../../Plugins/FX/Niagara/Content/Enums/ENiagaraEmitterScalabilityMode.uasset" 352
"../../Plugins/FX/Niagara/Content/Enums/ENiagaraEmitterScalabilityMode_Limited.uasset" 353
"../../Plugins/FX/Niagara/Content/Enums/ENiagaraExecutionStateManagement.uasset" 354
"../../Plugins/FX/Niagara/Content/Enums/ENiagaraExpansionMode.uasset" 355
"../../Plugins/FX/Niagara/Content/Enums/ENiagaraFrictionMergeType.uasset" 356
"../../Plugins/FX/Niagara/Content/Enums/ENiagaraGPUDepthResponseType.uasset" 357
"../../Plugins/FX/Niagara/Content/Enums/ENiagaraGridPlacementType.uasset" 358
"../../Plugins/FX/Niagara/Content/Enums/ENiagaraInactiveMode.uasset" 359
"../../Plugins/FX/Niagara/Content/Enums/ENiagaraKillVolumeOptions.uasset" 360
"../../Plugins/FX/Niagara/Content/Enums/ENiagaraLinearColor_Channels.uasset" 361
"../../Plugins/FX/Niagara/Content/Enums/ENiagaraMassByVolume.uasset" 362
"../../Plugins/FX/Niagara/Content/Enums/ENiagaraMassCalculationForRendererTypes.uasset" 363
"../../Plugins/FX/Niagara/Content/Enums/ENiagaraMeshOrSprite.uasset" 364
"../../Plugins/FX/Niagara/Content/Enums/ENiagaraMeshSamplingMode.uasset" 365
"../../Plugins/FX/Niagara/Content/Enums/ENiagaraMeshSurfaceSamplingMode.uasset" 366
"../../Plugins/FX/Niagara/Content/Enums/ENiagaraMeshTransforms.uasset" 367
"../../Plugins/FX/Niagara/Content/Enums/ENiagaraMinOrMax.uasset" 368
"../../Plugins/FX/Niagara/Content/Enums/ENiagaraNumericVariableTypes.uasset" 369
"../../Plugins/FX/Niagara/Content/Enums/ENiagaraOrientationAxis.uasset" 370
"../../Plugins/FX/Niagara/Content/Enums/ENiagaraQuaternionDerivationTechnique.uasset" 371
"../../Plugins/FX/Niagara/Content/Enums/ENiagaraRandomnessEvaluation.uasset" 372
"../../Plugins/FX/Niagara/Content/Enums/ENiagaraRandomnessMode.uasset" 373
"../../Plugins/FX/Niagara/Content/Enums/ENiagaraRestitutionMergeType.uasset" 374
"../../Plugins/FX/Niagara/Content/Enums/ENiagaraScaleColorMode.uasset" 375
"../../Plugins/FX/Niagara/Content/Enums/ENiagaraSimulationTarget.uasset" 376
"../../Plugins/FX/Niagara/Content/Enums/ENiagaraSkeletalSpawning.uasset" 377
"../../Plugins/FX/Niagara/Content/Enums/ENiagaraSkelSamplingFilteringMode.uasset" 378
"../../Plugins/FX/Niagara/Content/Enums/ENiagaraSkelSamplingModeFull.uasset" 379
"../../Plugins/FX/Niagara/Content/Enums/ENiagaraSocketSamplingMode.uasset" 380
"../../Plugins/FX/Niagara/Content/Enums/ENiagaraSphereDistributionMode.uasset" 381
"../../Plugins/FX/Niagara/Content/Enums/ENiagaraSUbUVAnimationMode.uasset" 382
"../../Plugins/FX/Niagara/Content/Enums/ENiagaraSystemInactiveMode.uasset" 383
"../../Plugins/FX/Niagara/Content/Enums/ENiagaraTorusDistributionMode.uasset" 384
"../../Plugins/FX/Niagara/Content/Enums/ENiagaraTorusMode.uasset" 385
"../../Plugins/FX/Niagara/Content/Enums/ENiagaraTriangleSamplingMode.uasset" 386
"../../Plugins/FX/Niagara/Content/Enums/ENiagaraVector2_Channels.uasset" 387
"../../Plugins/FX/Niagara/Content/Enums/ENiagaraVector3_Channels.uasset" 388
"../../Plugins/FX/Niagara/Content/Enums/ENiagaraVector4_Channels.uasset" 389
"../../Plugins/FX/Niagara/Content/Enums/ENiagaraVertexFilteringMode.uasset" 390
"../../Plugins/FX/Niagara/Content/Enums/ENiagaraVertexSamplingMode.uasset" 391
"../../Plugins/FX/Niagara/Content/Enums/ENiagara_AudioParamType.uasset" 392
"../../Plugins/FX/Niagara/Content/Enums/ENiagara_BankOnTurns.uasset" 393
"../../Plugins/FX/Niagara/Content/Enums/ENiagara_CameraMeshOrientation.uasset" 394
"../../Plugins/FX/Niagara/Content/Enums/ENiagara_CameraProperties.uasset" 395
"../../Plugins/FX/Niagara/Content/Enums/ENiagara_CollisionType.uasset" 396
"../../Plugins/FX/Niagara/Content/Enums/ENiagara_ColorInitializationMode.uasset" 397
"../../Plugins/FX/Niagara/Content/Enums/ENiagara_CPUCollisionType.uasset" 398
"../../Plugins/FX/Niagara/Content/Enums/ENiagara_DirectReadApplicationMode.uasset" 399
"../../Plugins/FX/Niagara/Content/Enums/ENiagara_DirectReadParticleIDSampling.uasset" 400
"../../Plugins/FX/Niagara/Content/Enums/ENiagara_DirectReadSamplingMode.uasset" 401
"../../Plugins/FX/Niagara/Content/Enums/ENiagara_EmitterLocSamplingMode.uasset" 402
"../../Plugins/FX/Niagara/Content/Enums/ENiagara_EmitterStateOptions.uasset" 403
"../../Plugins/FX/Niagara/Content/Enums/ENiagara_FadeOperationType.uasset" 404
"../../Plugins/FX/Niagara/Content/Enums/ENiagara_Float4Channel.uasset" 405
"../../Plugins/FX/Niagara/Content/Enums/ENiagara_GPUCollisionType.uasset" 406
"../../Plugins/FX/Niagara/Content/Enums/ENiagara_IDAttributes.uasset" 407
"../../Plugins/FX/Niagara/Content/Enums/ENiagara_InfiniteLoopDuration.uasset" 408
"../../Plugins/FX/Niagara/Content/Enums/ENiagara_LifetimeInheritanceOptions.uasset" 409
"../../Plugins/FX/Niagara/Content/Enums/ENiagara_LifetimeMode.uasset" 410
"../../Plugins/FX/Niagara/Content/Enums/ENiagara_MassInitializationMode.uasset" 411
"../../Plugins/FX/Niagara/Content/Enums/ENiagara_MultipleLerpCount.uasset" 412
"../../Plugins/FX/Niagara/Content/Enums/ENiagara_PositionInitializationMode.uasset" 413
"../../Plugins/FX/Niagara/Content/Enums/ENiagara_RotationDefinitionApproach.uasset" 414
"../../Plugins/FX/Niagara/Content/Enums/ENiagara_SizeScaleMode.uasset" 415
"../../Plugins/FX/Niagara/Content/Enums/ENiagara_SpawnBurstMode.uasset" 416
"../../Plugins/FX/Niagara/Content/Enums/ENiagara_SpriteRotationMode.uasset" 417
"../../Plugins/FX/Niagara/Content/Enums/ENiagara_SubUVLookupMode.uasset" 418
"../../Plugins/FX/Niagara/Content/Enums/ENiagara_TransformBaseOptions.uasset" 419
"../../Plugins/FX/Niagara/Content/Enums/ENiagara_TransformMode.uasset" 420
"../../Plugins/FX/Niagara/Content/Enums/ENiagara_TransformOrientationMode.uasset" 421
"../../Plugins/FX/Niagara/Content/Enums/ENiagara_UVFlippingMode.uasset" 422
"../../Plugins/FX/Niagara/Content/Enums/Niagara_Units.uasset" 423
"../../Plugins/FX/Niagara/Content/Enums/CascadeConversion/ECascadeNiagaraOrbitChainMode.uasset" 424
"../../Plugins/FX/Niagara/Content/Enums/CascadeConversion/ECascadeNiagaraTwoVectorChannels.uasset" 425
"../../Plugins/FX/Niagara/Content/Icons/S_ParticleSystem.uasset" 426
"../../../Engine/Content/BasicShapes/Cylinder.uasset" 427
"../../../Engine/Content/ArtTools/RenderToTexture/Materials/Debug/M_Emissive_Color.uasset" 428
"../../Plugins/Lumin/MagicLeapPassableWorld/Content/MagicLeapARPinInfoActor.uasset" 429
"../../Plugins/Editor/SpeedTreeImporter/Content/SpeedTree9/SpeedTreeBillboard.uasset" 430
"../../Plugins/Editor/SpeedTreeImporter/Content/SpeedTree9/game_wind_noise.uasset" 431
"../../Plugins/Editor/SpeedTreeImporter/Content/SpeedTree9/UnpackInteger3.uasset" 432
"../../Plugins/Editor/SpeedTreeImporter/Content/SpeedTree9/UnpackDirection.uasset" 433
"../../../Engine/Content/Functions/Engine_MaterialFunctions02/SafeNormalize.uasset" 434
"../../Plugins/Editor/SpeedTreeImporter/Content/SpeedTree9/SpeedTreeWindMotion.uasset" 435
"../../Plugins/Editor/SpeedTreeImporter/Content/SpeedTree9/SpeedTreeBranchMotion.uasset" 436
"../../../Engine/Content/Functions/Engine_MaterialFunctions02/ObjectLocalBounds.uasset" 437
"../../../Engine/Content/Functions/Engine_MaterialFunctions02/UVs/BoundingBoxBased_0-1_UVW.uasset" 438
"../../Plugins/Editor/SpeedTreeImporter/Content/SpeedTree9/SpeedTreeWind.uasset" 439
"../../../Engine/Content/EngineResources/DefaultTexture.uasset" 440
"../../Plugins/Editor/SpeedTreeImporter/Content/SpeedTree9/SpeedTreeBillboardMaster.uasset" 441
"../../Plugins/Editor/SpeedTreeImporter/Content/SpeedTree9/SpeedTreeCameraFacing.uasset" 442
"../../Plugins/Editor/SpeedTreeImporter/Content/SpeedTree9/SpeedTreeMaster.uasset" 443
"../../../Engine/Content/Functions/Engine_MaterialFunctions02/Utility/BreakOutFloat4Components.uasset" 444
"../../Plugins/Runtime/Oculus/OculusVR/Content/Materials/OculusMR_ChromaKey.uasset" 445
"../../Plugins/Runtime/Oculus/OculusVR/Content/Materials/OculusMR_OpaqueColoredMaterial.uasset" 446
"../../Plugins/Runtime/Oculus/OculusVR/Content/Materials/PokeAHoleMaterial.uasset" 447
"../../Plugins/Runtime/Oculus/OculusVR/Content/Textures/touchController_controlmap.uasset" 448
"../../Plugins/Runtime/Oculus/OculusVR/Content/Textures/touchController_albedo.uasset" 449
"../../Plugins/Runtime/Oculus/OculusVR/Content/Materials/touchController_mat.uasset" 450
"../../Plugins/Runtime/Oculus/OculusVR/Content/Meshes/LeftTouchController.uasset" 451
"../../Plugins/Runtime/Oculus/OculusVR/Content/Textures/TouchForQuestRiftSController_albedo.uasset" 452
"../../Plugins/Runtime/Oculus/OculusVR/Content/Materials/TouchForQuestRiftSControllerMaterial.uasset" 453
"../../Plugins/Runtime/Oculus/OculusVR/Content/Meshes/LeftTouchForQuestRiftSController.uasset" 454
"../../Plugins/Runtime/Oculus/OculusVR/Content/Meshes/RiftHMD.uasset" 455
"../../Plugins/Runtime/Oculus/OculusVR/Content/Meshes/RightTouchController.uasset" 456
"../../Plugins/Runtime/Oculus/OculusVR/Content/Meshes/RightTouchForQuestRiftSController.uasset" 457
"D:/Documents/Unreal Projects/Group6VR/Content/VirtualRealityBP/Blueprints/MotionControllerHaptics.uasset" 458
"D:/Documents/Unreal Projects/Group6VR/Content/VirtualReality/Meshes/SM_FatCylinder.uasset" 459
"D:/Documents/Unreal Projects/Group6VR/Content/VirtualReality/Meshes/BeamMesh.uasset" 460
"D:/Documents/Unreal Projects/Group6VR/Content/VirtualReality/Meshes/BeaconDirection.uasset" 461
"D:/Documents/Unreal Projects/Group6VR/Content/VirtualReality/Meshes/1x1_cube.uasset" 462
"D:/Documents/Unreal Projects/Group6VR/Content/VirtualReality/Materials/TeleportMCP.uasset" 463
"../../../Engine/Content/Functions/Engine_MaterialFunctions02/Utility/DepthFromWorldPosition.uasset" 464
"D:/Documents/Unreal Projects/Group6VR/Content/VirtualReality/Materials/MF_OccludedPixels.uasset" 465
"../../../Engine/Content/EngineMaterials/Good64x64TilingNoiseHighFreq.uasset" 466
"D:/Documents/Unreal Projects/Group6VR/Content/VirtualReality/Materials/M_SplineArcMat.uasset" 467
"D:/Documents/Unreal Projects/Group6VR/Content/VirtualReality/Materials/M_ArcEndpoint.uasset" 468
"D:/Documents/Unreal Projects/Group6VR/Content/VirtualReality/Materials/M_TeleportPreviews.uasset" 469
"D:/Documents/Unreal Projects/Group6VR/Content/VirtualReality/Materials/MI_TeleportCylinderPreview.uasset" 470
"D:/Documents/Unreal Projects/Group6VR/Content/VirtualReality/Materials/MI_ChaperoneOutline.uasset" 471
"D:/Documents/Unreal Projects/Group6VR/Content/VirtualReality/Mannequin/Character/Mesh/MannequinHand_Right_PhysicsAsset.uasset" 472
"D:/Documents/Unreal Projects/Group6VR/Content/VirtualReality/Mannequin/Character/Mesh/MannequinHand_Right_Skeleton.uasset" 473
"D:/Documents/Unreal Projects/Group6VR/Content/VirtualReality/Mannequin/Character/Textures/UE4_Mannequin_MAT_MASKA.uasset" 474
"D:/Documents/Unreal Projects/Group6VR/Content/VirtualReality/Mannequin/Character/Textures/UE4_Mannequin__normals.uasset" 475
"D:/Documents/Unreal Projects/Group6VR/Content/VirtualReality/Mannequin/Character/Materials/M_HandMat.uasset" 476
"D:/Documents/Unreal Projects/Group6VR/Content/VirtualReality/Mannequin/Character/Mesh/MannequinHand_Right.uasset" 477
"D:/Documents/Unreal Projects/Group6VR/Content/VirtualRealityBP/Blueprints/GripEnum.uasset" 478
"D:/Documents/Unreal Projects/Group6VR/Content/VirtualReality/Mannequin/Animations/MannequinHand_Right_Open.uasset" 479
"D:/Documents/Unreal Projects/Group6VR/Content/VirtualReality/Mannequin/Animations/MannequinHand_Right_Grab.uasset" 480
"D:/Documents/Unreal Projects/Group6VR/Content/VirtualReality/Mannequin/Animations/MannequinHand_Right_CanGrab.uasset" 481
"D:/Documents/Unreal Projects/Group6VR/Content/VirtualReality/Mannequin/Animations/RightGrip_BS.uasset" 482
"D:/Documents/Unreal Projects/Group6VR/Content/VirtualReality/Mannequin/Animations/RightHand_AnimBP.uasset" 483
"D:/Documents/Unreal Projects/Group6VR/Content/VirtualRealityBP/Blueprints/PickupActorInterface.uasset" 484
"../../../Engine/Content/BasicShapes/Sphere.uasset" 485
"../../../Engine/Content/EditorBlueprintResources/StandardMacros.uasset" 486
"D:/Documents/Unreal Projects/Group6VR/Content/VirtualRealityBP/Blueprints/BP_MotionController.uasset" 487
"D:/Documents/Unreal Projects/Group6VR/Content/VirtualRealityBP/Blueprints/MotionControllerPawn.uasset" 488
"D:/Documents/Unreal Projects/Group6VR/Content/Textures/monitor_BaseColor.uasset" 489
"D:/Documents/Unreal Projects/Group6VR/Content/Textures/mask.uasset" 490
"../../../Engine/Content/Functions/Engine_MaterialFunctions03/Blends/Blend_Overlay.uasset" 491
"../../../Engine/Content/Functions/Engine_MaterialFunctions02/HueShift.uasset" 492
"D:/Documents/Unreal Projects/Group6VR/Content/Materials/Master_Material.uasset" 493
"D:/Documents/Unreal Projects/Group6VR/Content/Materials/Monitor_Material.uasset" 494
"D:/Documents/Unreal Projects/Group6VR/Content/JustFocus/UI/InGame/Time_UI.uasset" 495
"D:/Documents/Unreal Projects/Group6VR/Content/JustFocus/Blueprints/Widgets/Timer.uasset" 496
"D:/Documents/Unreal Projects/Group6VR/Content/Geometry/Meshes/monitor.uasset" 497
"D:/Documents/Unreal Projects/Group6VR/Content/JustFocus/Blueprints/Widgets/monitor_Blueprint.uasset" 498
"D:/Documents/Unreal Projects/Group6VR/Content/Geometry/Meshes/Trashcan.uasset" 499
"D:/Documents/Unreal Projects/Group6VR/Content/Geometry/Meshes/Basket.uasset" 500
"D:/Documents/Unreal Projects/Group6VR/Content/JustFocus/Sounds/Quirky_Alert_2.uasset" 501
"D:/Documents/Unreal Projects/Group6VR/Content/JustFocus/Sounds/PhoneRingPrincessP_EE114601.uasset" 502
"D:/Documents/Unreal Projects/Group6VR/Content/JustFocus/Blueprints/TriggerBoxes/Trashcan_TB.uasset" 503
"D:/Documents/Unreal Projects/Group6VR/Content/JustFocus/Blueprints/TriggerBoxes/Laundry_TB.uasset" 504
"D:/Documents/Unreal Projects/Group6VR/Content/JustFocus/UI/InGame/ARROW.uasset" 505
"D:/Documents/Unreal Projects/Group6VR/Content/JustFocus/Blueprints/Widgets/Arrow.uasset" 506
"D:/Documents/Unreal Projects/Group6VR/Content/JustFocus/Blueprints/Arrows/TrashArrow.uasset" 507
"D:/Documents/Unreal Projects/Group6VR/Content/JustFocus/Blueprints/Arrows/LaundryArrow.uasset" 508
"D:/Documents/Unreal Projects/Group6VR/Content/JustFocus/Blueprints/Arrows/BillsArrow.uasset" 509
"D:/Documents/Unreal Projects/Group6VR/Content/Textures/toothbrush_BaseColor.uasset" 510
"D:/Documents/Unreal Projects/Group6VR/Content/Materials/Toothbrush_Material.uasset" 511
"D:/Documents/Unreal Projects/Group6VR/Content/Geometry/Meshes/toothbrush.uasset" 512
"../../../Engine/Content/VREditor/UI/ArrowMaterial.uasset" 513
"../../../Engine/Content/BasicShapes/Plane.uasset" 514
"D:/Documents/Unreal Projects/Group6VR/Content/Blueprints/Plane_Blueprint.uasset" 515
"D:/Documents/Unreal Projects/Group6VR/Content/JustFocus/Blueprints/Objects/Toothbrush_BP.uasset" 516
"D:/Documents/Unreal Projects/Group6VR/Content/JustFocus/UI/Tasks/Task_Complete_UI.uasset" 517
"D:/Documents/Unreal Projects/Group6VR/Content/JustFocus/UI/Tasks/Laundry_Gray.uasset" 518
"D:/Documents/Unreal Projects/Group6VR/Content/JustFocus/Blueprints/Widgets/TaskComplete.uasset" 519
"D:/Documents/Unreal Projects/Group6VR/Content/JustFocus/Blueprints/TaskComplete_BP.uasset" 520
"D:/Documents/Unreal Projects/Group6VR/Content/JustFocus/UI/Tasks/Clean_Up_Trash_Green.uasset" 521
"D:/Documents/Unreal Projects/Group6VR/Content/JustFocus/UI/Tasks/Clean_Up_Trash_Gray.uasset" 522
"D:/Documents/Unreal Projects/Group6VR/Content/JustFocus/Blueprints/Widgets/TrashTask.uasset" 523
"D:/Documents/Unreal Projects/Group6VR/Content/JustFocus/Blueprints/TrashTask_BP.uasset" 524
"D:/Documents/Unreal Projects/Group6VR/Content/Textures/Shirt_Tex.uasset" 525
"D:/Documents/Unreal Projects/Group6VR/Content/Materials/Shirt.uasset" 526
"D:/Documents/Unreal Projects/Group6VR/Content/Geometry/Meshes/Shirt.uasset" 527
"D:/Documents/Unreal Projects/Group6VR/Content/JustFocus/Blueprints/Objects/Shirt_BP.uasset" 528
"D:/Documents/Unreal Projects/Group6VR/Content/JustFocus/Sounds/Mountain_Audio_-_Achievement_Prompt.uasset" 529
"D:/Documents/Unreal Projects/Group6VR/Content/JustFocus/Sounds/In_The_Lofi_Full.uasset" 530
"D:/Documents/Unreal Projects/Group6VR/Content/Textures/Trashcan_BaseColor.uasset" 531
"D:/Documents/Unreal Projects/Group6VR/Content/Materials/Trashcan_Material.uasset" 532
"D:/Documents/Unreal Projects/Group6VR/Content/Textures/Paper_Tex.uasset" 533
"D:/Documents/Unreal Projects/Group6VR/Content/Materials/PaperBall_Material.uasset" 534
"D:/Documents/Unreal Projects/Group6VR/Content/Textures/keyboard_BaseColor.uasset" 535
"D:/Documents/Unreal Projects/Group6VR/Content/Materials/Keyboard_Material.uasset" 536
"D:/Documents/Unreal Projects/Group6VR/Content/Textures/envelope_BaseColor.uasset" 537
"D:/Documents/Unreal Projects/Group6VR/Content/Materials/Envelope_Material.uasset" 538
"D:/Documents/Unreal Projects/Group6VR/Content/Textures/Updated_Desk_Tex.uasset" 539
"D:/Documents/Unreal Projects/Group6VR/Content/Materials/Desk.uasset" 540
"D:/Documents/Unreal Projects/Group6VR/Content/Textures/cellphone_mask.uasset" 541
"D:/Documents/Unreal Projects/Group6VR/Content/Textures/cellphone_BaseColor.uasset" 542
"D:/Documents/Unreal Projects/Group6VR/Content/Materials/Cellphone_Material.uasset" 543
"D:/Documents/Unreal Projects/Group6VR/Content/Textures/Basket_Tex.uasset" 544
"D:/Documents/Unreal Projects/Group6VR/Content/Materials/Basket_Material.uasset" 545
"D:/Documents/Unreal Projects/Group6VR/Content/JustFocus/Levels/ADHDGame_BuiltData.uasset" 546
"D:/Documents/Unreal Projects/Group6VR/Content/VirtualReality/Materials/M_BaseMaterial.uasset" 547
"D:/Documents/Unreal Projects/Group6VR/Content/VirtualReality/Materials/MI_BaseMaterial3.uasset" 548
"D:/Documents/Unreal Projects/Group6VR/Content/VirtualReality/Materials/MI_BaseMaterial2.uasset" 549
"D:/Documents/Unreal Projects/Group6VR/Content/Textures/Wall.uasset" 550
"D:/Documents/Unreal Projects/Group6VR/Content/Materials/Walls.uasset" 551
"D:/Documents/Unreal Projects/Group6VR/Content/Textures/Floor.uasset" 552
"D:/Documents/Unreal Projects/Group6VR/Content/Materials/Floor.uasset" 553
"D:/Documents/Unreal Projects/Group6VR/Content/JustFocus/Blueprints/Objects/Phone_BP.uasset" 554
"D:/Documents/Unreal Projects/Group6VR/Content/Textures/Pencil_Tex.uasset" 555
"D:/Documents/Unreal Projects/Group6VR/Content/Materials/Pencil.uasset" 556
"D:/Documents/Unreal Projects/Group6VR/Content/Geometry/Meshes/Pencil.uasset" 557
"D:/Documents/Unreal Projects/Group6VR/Content/JustFocus/Blueprints/Objects/Pencil_BP.uasset" 558
"D:/Documents/Unreal Projects/Group6VR/Content/JustFocus/UI/Alerts/Notification_Distraction.uasset" 559
"D:/Documents/Unreal Projects/Group6VR/Content/JustFocus/Blueprints/Widgets/NotificationAlert.uasset" 560
"D:/Documents/Unreal Projects/Group6VR/Content/JustFocus/Blueprints/NotificationAlert_BP.uasset" 561
"D:/Documents/Unreal Projects/Group6VR/Content/Textures/money_BaseColor.uasset" 562
"D:/Documents/Unreal Projects/Group6VR/Content/Materials/Money_Material.uasset" 563
"D:/Documents/Unreal Projects/Group6VR/Content/Geometry/Meshes/money.uasset" 564
"D:/Documents/Unreal Projects/Group6VR/Content/JustFocus/Blueprints/Objects/Money_BP.uasset" 565
"D:/Documents/Unreal Projects/Group6VR/Content/JustFocus/UI/Tasks/Laundry_Green.uasset" 566
"D:/Documents/Unreal Projects/Group6VR/Content/JustFocus/Blueprints/Widgets/LaundryTask.uasset" 567
"D:/Documents/Unreal Projects/Group6VR/Content/JustFocus/Blueprints/Laundry_BP.uasset" 568
"D:/Documents/Unreal Projects/Group6VR/Content/JustFocus/UI/Tasks/Pay_Bills_Green.uasset" 569
"D:/Documents/Unreal Projects/Group6VR/Content/JustFocus/UI/Tasks/Pay_Bills_Gray.uasset" 570
"D:/Documents/Unreal Projects/Group6VR/Content/JustFocus/Blueprints/Widgets/BillsTask.uasset" 571
"D:/Documents/Unreal Projects/Group6VR/Content/JustFocus/Blueprints/BillsTask_BP2.uasset" 572
"D:/Documents/Unreal Projects/Group6VR/Content/JustFocus/UI/Tasks/Brush_Teeth_Green.uasset" 573
"D:/Documents/Unreal Projects/Group6VR/Content/JustFocus/UI/Tasks/Brush_Teeth_Gray.uasset" 574
"D:/Documents/Unreal Projects/Group6VR/Content/JustFocus/Blueprints/Widgets/BrushTask.uasset" 575
"D:/Documents/Unreal Projects/Group6VR/Content/JustFocus/Blueprints/BrushTeeth_BP.uasset" 576
"D:/Documents/Unreal Projects/Group6VR/Content/JustFocus/UI/Alerts/Phone_Call_Distraction.uasset" 577
"D:/Documents/Unreal Projects/Group6VR/Content/JustFocus/Blueprints/Widgets/Alert2.uasset" 578
"D:/Documents/Unreal Projects/Group6VR/Content/JustFocus/Blueprints/Alert1_BP.uasset" 579
"D:/Documents/Unreal Projects/Group6VR/Content/JustFocus/Blueprints/TriggerBoxes/Envelope_TB.uasset" 580
"D:/Documents/Unreal Projects/Group6VR/Content/Textures/rug_BaseColor.uasset" 581
"D:/Documents/Unreal Projects/Group6VR/Content/Materials/Rug_Material.uasset" 582
"D:/Documents/Unreal Projects/Group6VR/Content/Geometry/Meshes/rug.uasset" 583
"D:/Documents/Unreal Projects/Group6VR/Content/Geometry/Meshes/paper.uasset" 584
"D:/Documents/Unreal Projects/Group6VR/Content/Textures/lamp_Emissive_Mask.uasset" 585
"D:/Documents/Unreal Projects/Group6VR/Content/Textures/lamp_BaseColor.uasset" 586
"D:/Documents/Unreal Projects/Group6VR/Content/Materials/Lamp_Material.uasset" 587
"D:/Documents/Unreal Projects/Group6VR/Content/Geometry/Meshes/lamp.uasset" 588
"D:/Documents/Unreal Projects/Group6VR/Content/Geometry/Meshes/keyboard.uasset" 589
"D:/Documents/Unreal Projects/Group6VR/Content/Geometry/Meshes/envelope.uasset" 590
"D:/Documents/Unreal Projects/Group6VR/Content/Textures/door_BaseColor.uasset" 591
"D:/Documents/Unreal Projects/Group6VR/Content/Materials/Door_Material.uasset" 592
"D:/Documents/Unreal Projects/Group6VR/Content/Geometry/Meshes/door.uasset" 593
"D:/Documents/Unreal Projects/Group6VR/Content/Geometry/Meshes/Desk.uasset" 594
"D:/Documents/Unreal Projects/Group6VR/Content/Geometry/Meshes/cellphone.uasset" 595
"D:/Documents/Unreal Projects/Group6VR/Content/Textures/bed_BaseColor.uasset" 596
"D:/Documents/Unreal Projects/Group6VR/Content/Materials/Bed_Material.uasset" 597
"D:/Documents/Unreal Projects/Group6VR/Content/Geometry/Meshes/bed.uasset" 598
"../../../Engine/Content/EngineSky/T_Sky_Stars.uasset" 599
"../../../Engine/Content/EngineSky/T_Sky_Clouds_M.uasset" 600
"../../../Engine/Content/EngineSky/T_Sky_Blue.uasset" 601
"../../../Engine/Content/EngineSky/M_Sky_Panning_Clouds2.uasset" 602
"../../../Engine/Content/EngineSky/SM_SkySphere.uasset" 603
"../../../Engine/Content/EngineSky/C_Sky_Zenith_Color.uasset" 604
"../../../Engine/Content/EngineSky/C_Sky_Horizon_Color.uasset" 605
"../../../Engine/Content/EngineSky/C_Sky_Cloud_Color.uasset" 606
"../../../Engine/Content/EngineSky/BP_Sky_Sphere.uasset" 607
"D:/Documents/Unreal Projects/Group6VR/Content/JustFocus/Levels/ADHDGame.umap" 608
"D:/Documents/Unreal Projects/Group6VR/Content/JustFocus/Levels/MainMenu_BuiltData.uasset" 609
"D:/Documents/Unreal Projects/Group6VR/Content/JustFocus/Sounds/Lounge_Fashion.uasset" 610
"D:/Documents/Unreal Projects/Group6VR/Content/JustFocus/UI/MainMenu/Neurotypical_Mode_Button_Unselected.uasset" 611
"D:/Documents/Unreal Projects/Group6VR/Content/JustFocus/UI/MainMenu/Neurotypical_Mode_Button_Selected.uasset" 612
"D:/Documents/Unreal Projects/Group6VR/Content/JustFocus/UI/MainMenu/Main_Menu_UI_V2.uasset" 613
"D:/Documents/Unreal Projects/Group6VR/Content/JustFocus/UI/MainMenu/ADHD_Mode_Button_Unselected.uasset" 614
"D:/Documents/Unreal Projects/Group6VR/Content/JustFocus/UI/MainMenu/ADHD_Mode_Button_Selected.uasset" 615
"D:/Documents/Unreal Projects/Group6VR/Content/JustFocus/Blueprints/Widgets/PlayButtonWidget.uasset" 616
"D:/Documents/Unreal Projects/Group6VR/Content/JustFocus/Blueprints/VR_World_BP.uasset" 617
"D:/Documents/Unreal Projects/Group6VR/Content/JustFocus/Levels/MainMenu.umap" 618
"D:/Documents/Unreal Projects/Group6VR/Content/VirtualRealityBP/Maps/MotionControllerMap_BuiltData.uasset" 619
"D:/Documents/Unreal Projects/Group6VR/Content/JustFocus/UI/MainMenu/Main_Menu_Button_Unselected.uasset" 620
"D:/Documents/Unreal Projects/Group6VR/Content/JustFocus/UI/MainMenu/Main_Menu_Button_Selected.uasset" 621
"D:/Documents/Unreal Projects/Group6VR/Content/JustFocus/UI/EndGame/Play_Again_Button_Unselected.uasset" 622
"D:/Documents/Unreal Projects/Group6VR/Content/JustFocus/UI/EndGame/Play_Again_Button_Selected.uasset" 623
"D:/Documents/Unreal Projects/Group6VR/Content/JustFocus/UI/EndGame/Normal_Mode_End_Game_UI.uasset" 624
"D:/Documents/Unreal Projects/Group6VR/Content/JustFocus/Blueprints/Widgets/GameOverNormal.uasset" 625
"D:/Documents/Unreal Projects/Group6VR/Content/JustFocus/Blueprints/EndGameNormal.uasset" 626
"D:/Documents/Unreal Projects/Group6VR/Content/Textures/Bottle_Tex.uasset" 627
"D:/Documents/Unreal Projects/Group6VR/Content/Materials/Bottle.uasset" 628
"D:/Documents/Unreal Projects/Group6VR/Content/JustFocus/Blueprints/Task2_BP.uasset" 629
"D:/Documents/Unreal Projects/Group6VR/Content/Geometry/Meshes/Bottle.uasset" 630
"D:/Documents/Unreal Projects/Group6VR/Content/Geometry/Meshes/CubeMaterial.uasset" 631
"D:/Documents/Unreal Projects/Group6VR/Content/JustFocus/Blueprints/Pencil_BP.uasset" 632
"D:/Documents/Unreal Projects/Group6VR/Content/Blueprints/TaskBlueprint.uasset" 633
"../../../Engine/Content/EngineDebugMaterials/HeatmapMaterial.uasset" 634
"D:/Documents/Unreal Projects/Group6VR/Content/Blueprints/Plane2_Blueprint.uasset" 635
"D:/Documents/Unreal Projects/Group6VR/Content/VirtualRealityBP/Maps/MotionControllerMap.umap" 636
